<?xml version="1.0" encoding="UTF-8"?>
<!-- Generated by org.testng.reporters.JUnitReportReporter -->
<testsuite hostname="DESKTOP-R83QAQH" failures="0" tests="1" name="org.sms.admin.testng.CreateGradeTest" time="15.906" errors="0" timestamp="2022-09-21T18:32:17 IST" skipped="0">
  <testcase classname="org.sms.admin.testng.CreateGradeTest" name="createGradeTest" time="15.906"/>
  <system-out/>
</testsuite> <!-- org.sms.admin.testng.CreateGradeTest -->
